<?xml version="1.0" encoding="UTF-8"?>
<!-- Generated by org.testng.reporters.JUnitXMLReporter -->
<testsuite hostname="SAMEERS-T460" ignored="0" name="AWS" tests="4" failures="1" timestamp="29 Jun 2017 10:00:03 GMT" time="9.407" errors="0">
  <testcase name="TestCase2" time="3.106" classname="com.incontact.test.testsuite.jmeter.TestSuite_AwsLambdaApiGateway">
    <failure type="java.lang.AssertionError" message="expected [200] but found [100]">
      <![CDATA[java.lang.AssertionError: expected [200] but found [100]
	at com.incontact.test.testsuite.jmeter.TestSuite_AwsLambdaApiGateway.TestCase2(TestSuite_AwsLambdaApiGateway.java:91)
... Removed 31 stack frames]]>
    </failure>
  </testcase> <!-- TestCase2 -->
  <testcase name="TestCaseX" time="0.863" classname="com.incontact.test.testsuite.jmeter.TestSuite_AwsLambdaApiGateway"/>
  <testcase name="TestCase1_SO" time="4.088" classname="com.incontact.test.testsuite.jmeter.TestSuite_UserActionsOnWebEmulation"/>
  <testcase name="RestApi_TestCase1" time="1.307" classname="com.incontact.test.testsuite.jmeter.TestSuite_RestApiAccess"/>
</testsuite> <!-- AWS -->
